<?xml version="1.0" encoding="UTF-8"?>
<testsuite xmlns:xsi="http://www.w3.org/2001/XMLSchema-instance" xsi:noNamespaceSchemaLocation="https://maven.apache.org/surefire/maven-surefire-plugin/xsd/surefire-test-report-3.0.xsd" version="3.0" name="junitdemo.CalculatorTest" time="0.146" tests="3" errors="0" skipped="0" failures="0">
  <properties>
[...]
</properties>
  <testcase name="test1Add" classname="junitdemo.CalculatorTest" time="0.093"/>
  <testcase name="test2Add" classname="junitdemo.CalculatorTest" time="0.003"/>
  <testcase name="test3Add" classname="junitdemo.CalculatorTest" time="0.004"/>
</testsuite>